
> cyber-deck-protocol@27.5.1 dev
> vite --host 0.0.0.0 --port 5174

[33mThe CJS build of Vite's Node API is deprecated. See https://vite.dev/guide/troubleshooting.html#vite-cjs-node-api-deprecated for more details.[39m

  VITE v5.4.21  ready in 440 ms

  ➜  Local:   http://localhost:5174/
  ➜  Network: http://192.168.0.2:5174/
vite v5.4.21 building for development...

watching for file changes...
vite v5.4.21 building for development...

watching for file changes...

build started...

build started...
transforming...
✓ 1 modules transformed.
transforming...
✓ 1 modules transformed.
rendering chunks...
rendering chunks...
computing gzip size...
computing gzip size...
dist-electron/preload.js  0.26 kB │ gzip: 0.18 kB
built in 199ms.
dist-electron/main.js  1.28 kB │ gzip: 0.65 kB
built in 202ms.
[7194:1202/193139.898175:ERROR:ozone_platform_x11.cc(245)] Missing X server or $DISPLAY
[7194:1202/193139.898244:ERROR:env.cc(258)] The platform failed to initialize.  Exiting.
