
> cyber-deck-protocol@27.5.1 dev
> vite

[33mThe CJS build of Vite's Node API is deprecated. See https://vite.dev/guide/troubleshooting.html#vite-cjs-node-api-deprecated for more details.[39m
vite v5.4.21 building for development...

watching for file changes...
vite v5.4.21 building for development...

watching for file changes...

build started...

build started...

  VITE v5.4.21  ready in 491 ms

  ➜  Local:   http://localhost:5173/
  ➜  Network: use --host to expose
transforming...
✓ 1 modules transformed.
transforming...
✓ 1 modules transformed.
rendering chunks...
rendering chunks...
computing gzip size...
computing gzip size...
dist-electron/preload.js  0.25 kB │ gzip: 0.17 kB
built in 186ms.
dist-electron/main.js  1.34 kB │ gzip: 0.66 kB
built in 188ms.
[5317:1202/165020.562001:ERROR:ozone_platform_x11.cc(245)] Missing X server or $DISPLAY
[5317:1202/165020.562073:ERROR:env.cc(258)] The platform failed to initialize.  Exiting.
