
> cyber-deck-protocol@27.5.1 dev
> vite --host 0.0.0.0

[33mThe CJS build of Vite's Node API is deprecated. See https://vite.dev/guide/troubleshooting.html#vite-cjs-node-api-deprecated for more details.[39m

  VITE v5.4.21  ready in 310 ms

  ➜  Local:   http://localhost:5173/
  ➜  Network: http://192.168.0.2:5173/
vite v5.4.21 building for development...

watching for file changes...
vite v5.4.21 building for development...

watching for file changes...

build started...

build started...
transforming...
✓ 1 modules transformed.
transforming...
✓ 1 modules transformed.
rendering chunks...
rendering chunks...
computing gzip size...
computing gzip size...
dist-electron/preload.js  0.25 kB │ gzip: 0.17 kB
built in 199ms.
dist-electron/main.js  1.34 kB │ gzip: 0.66 kB
built in 203ms.
